<?xml version="1.0" encoding="UTF-8"?>
<testsuite name="ie.cct.cbwa.casplittr.CaSplittrApplicationTests" tests="1" skipped="0" failures="0" errors="0" timestamp="2021-05-02T17:13:22" hostname="Joaos-MBP" time="0.356">
  <properties/>
  <testcase name="contextLoads()" classname="ie.cct.cbwa.casplittr.CaSplittrApplicationTests" time="0.356"/>
  <system-out><![CDATA[18:13:21.531 [Test worker] DEBUG org.springframework.test.context.BootstrapUtils - Instantiating CacheAwareContextLoaderDelegate from class [org.springframework.test.context.cache.DefaultCacheAwareContextLoaderDelegate]
18:13:21.543 [Test worker] DEBUG org.springframework.test.context.BootstrapUtils - Instantiating BootstrapContext using constructor [public org.springframework.test.context.support.DefaultBootstrapContext(java.lang.Class,org.springframework.test.context.CacheAwareContextLoaderDelegate)]
18:13:21.570 [Test worker] DEBUG org.springframework.test.context.BootstrapUtils - Instantiating TestContextBootstrapper for test class [ie.cct.cbwa.casplittr.CaSplittrApplicationTests] from class [org.springframework.boot.test.context.SpringBootTestContextBootstrapper]
18:13:21.579 [Test worker] INFO org.springframework.boot.test.context.SpringBootTestContextBootstrapper - Neither @ContextConfiguration nor @ContextHierarchy found for test class [ie.cct.cbwa.casplittr.CaSplittrApplicationTests], using SpringBootContextLoader
18:13:21.581 [Test worker] DEBUG org.springframework.test.context.support.AbstractContextLoader - Did not detect default resource location for test class [ie.cct.cbwa.casplittr.CaSplittrApplicationTests]: class path resource [ie/cct/cbwa/casplittr/CaSplittrApplicationTests-context.xml] does not exist
18:13:21.582 [Test worker] DEBUG org.springframework.test.context.support.AbstractContextLoader - Did not detect default resource location for test class [ie.cct.cbwa.casplittr.CaSplittrApplicationTests]: class path resource [ie/cct/cbwa/casplittr/CaSplittrApplicationTestsContext.groovy] does not exist
18:13:21.582 [Test worker] INFO org.springframework.test.context.support.AbstractContextLoader - Could not detect default resource locations for test class [ie.cct.cbwa.casplittr.CaSplittrApplicationTests]: no resource found for suffixes {-context.xml, Context.groovy}.
18:13:21.583 [Test worker] INFO org.springframework.test.context.support.AnnotationConfigContextLoaderUtils - Could not detect default configuration classes for test class [ie.cct.cbwa.casplittr.CaSplittrApplicationTests]: CaSplittrApplicationTests does not declare any static, non-private, non-final, nested classes annotated with @Configuration.
18:13:21.617 [Test worker] DEBUG org.springframework.test.context.support.ActiveProfilesUtils - Could not find an 'annotation declaring class' for annotation type [org.springframework.test.context.ActiveProfiles] and class [ie.cct.cbwa.casplittr.CaSplittrApplicationTests]
18:13:21.660 [Test worker] DEBUG org.springframework.context.annotation.ClassPathScanningCandidateComponentProvider - Identified candidate component class: file [/Users/joaopaulosilveiragomes/Library/Mobile Documents/com~apple~CloudDocs/Documents/HD in Science Comp CCT/2nd Semester/4 Cloud Base Web Technologies/CA Docs/ca-splittr/build/classes/java/main/ie/cct/cbwa/casplittr/CaSplittrApplication.class]
18:13:21.660 [Test worker] INFO org.springframework.boot.test.context.SpringBootTestContextBootstrapper - Found @SpringBootConfiguration ie.cct.cbwa.casplittr.CaSplittrApplication for test class ie.cct.cbwa.casplittr.CaSplittrApplicationTests
18:13:21.738 [Test worker] DEBUG org.springframework.boot.test.context.SpringBootTestContextBootstrapper - @TestExecutionListeners is not present for class [ie.cct.cbwa.casplittr.CaSplittrApplicationTests]: using defaults.
18:13:21.738 [Test worker] INFO org.springframework.boot.test.context.SpringBootTestContextBootstrapper - Loaded default TestExecutionListener class names from location [META-INF/spring.factories]: [org.springframework.boot.test.autoconfigure.restdocs.RestDocsTestExecutionListener, org.springframework.boot.test.autoconfigure.web.client.MockRestServiceServerResetTestExecutionListener, org.springframework.boot.test.autoconfigure.web.servlet.MockMvcPrintOnlyOnFailureTestExecutionListener, org.springframework.boot.test.autoconfigure.web.servlet.WebDriverTestExecutionListener, org.springframework.boot.test.autoconfigure.webservices.client.MockWebServiceServerTestExecutionListener, org.springframework.boot.test.mock.mockito.MockitoTestExecutionListener, org.springframework.boot.test.mock.mockito.ResetMocksTestExecutionListener, org.springframework.test.context.web.ServletTestExecutionListener, org.springframework.test.context.support.DirtiesContextBeforeModesTestExecutionListener, org.springframework.test.context.event.ApplicationEventsTestExecutionListener, org.springframework.test.context.support.DependencyInjectionTestExecutionListener, org.springframework.test.context.support.DirtiesContextTestExecutionListener, org.springframework.test.context.transaction.TransactionalTestExecutionListener, org.springframework.test.context.jdbc.SqlScriptsTestExecutionListener, org.springframework.test.context.event.EventPublishingTestExecutionListener]
18:13:21.748 [Test worker] DEBUG org.springframework.boot.test.context.SpringBootTestContextBootstrapper - Skipping candidate TestExecutionListener [org.springframework.test.context.transaction.TransactionalTestExecutionListener] due to a missing dependency. Specify custom listener classes or make the default listener classes and their required dependencies available. Offending class: [org/springframework/transaction/TransactionDefinition]
18:13:21.748 [Test worker] DEBUG org.springframework.boot.test.context.SpringBootTestContextBootstrapper - Skipping candidate TestExecutionListener [org.springframework.test.context.jdbc.SqlScriptsTestExecutionListener] due to a missing dependency. Specify custom listener classes or make the default listener classes and their required dependencies available. Offending class: [org/springframework/transaction/interceptor/TransactionAttribute]
18:13:21.748 [Test worker] INFO org.springframework.boot.test.context.SpringBootTestContextBootstrapper - Using TestExecutionListeners: [org.springframework.test.context.web.ServletTestExecutionListener@21992125, org.springframework.test.context.support.DirtiesContextBeforeModesTestExecutionListener@64c7a105, org.springframework.test.context.event.ApplicationEventsTestExecutionListener@7faff5ce, org.springframework.boot.test.mock.mockito.MockitoTestExecutionListener@2fc77ef, org.springframework.boot.test.autoconfigure.SpringBootDependencyInjectionTestExecutionListener@6a04ee9c, org.springframework.test.context.support.DirtiesContextTestExecutionListener@3312a550, org.springframework.test.context.event.EventPublishingTestExecutionListener@33933779, org.springframework.boot.test.autoconfigure.restdocs.RestDocsTestExecutionListener@52317deb, org.springframework.boot.test.autoconfigure.web.client.MockRestServiceServerResetTestExecutionListener@1f0c193f, org.springframework.boot.test.autoconfigure.web.servlet.MockMvcPrintOnlyOnFailureTestExecutionListener@391217ab, org.springframework.boot.test.autoconfigure.web.servlet.WebDriverTestExecutionListener@1390d70f, org.springframework.boot.test.autoconfigure.webservices.client.MockWebServiceServerTestExecutionListener@4a172eb3, org.springframework.boot.test.mock.mockito.ResetMocksTestExecutionListener@352d032f]
18:13:21.751 [Test worker] DEBUG org.springframework.test.context.support.AbstractDirtiesContextTestExecutionListener - Before test class: context [DefaultTestContext@435beb2c testClass = CaSplittrApplicationTests, testInstance = [null], testMethod = [null], testException = [null], mergedContextConfiguration = [WebMergedContextConfiguration@34980add testClass = CaSplittrApplicationTests, locations = '{}', classes = '{class ie.cct.cbwa.casplittr.CaSplittrApplication}', contextInitializerClasses = '[]', activeProfiles = '{}', propertySourceLocations = '{}', propertySourceProperties = '{org.springframework.boot.test.context.SpringBootTestContextBootstrapper=true}', contextCustomizers = set[org.springframework.boot.test.autoconfigure.actuate.metrics.MetricsExportContextCustomizerFactory$DisableMetricExportContextCustomizer@27887798, org.springframework.boot.test.autoconfigure.properties.PropertyMappingContextCustomizer@0, org.springframework.boot.test.autoconfigure.web.servlet.WebDriverContextCustomizerFactory$Customizer@1e32956a, org.springframework.boot.test.context.filter.ExcludeFilterContextCustomizer@7530b6b9, org.springframework.boot.test.json.DuplicateJsonObjectContextCustomizerFactory$DuplicateJsonObjectContextCustomizer@103e824b, org.springframework.boot.test.mock.mockito.MockitoContextCustomizer@0, org.springframework.boot.test.web.client.TestRestTemplateContextCustomizer@6a1e828c, org.springframework.boot.test.context.SpringBootTestArgs@1, org.springframework.boot.test.context.SpringBootTestWebEnvironment@f4bfea7], resourceBasePath = 'src/main/webapp', contextLoader = 'org.springframework.boot.test.context.SpringBootContextLoader', parent = [null]], attributes = map['org.springframework.test.context.web.ServletTestExecutionListener.activateListener' -> true]], class annotated with @DirtiesContext [false] with mode [null].
18:13:21.773 [Test worker] DEBUG org.springframework.test.context.support.TestPropertySourceUtils - Adding inlined properties to environment: {spring.jmx.enabled=false, org.springframework.boot.test.context.SpringBootTestContextBootstrapper=true}

  .   ____          _            __ _ _
 /\\ / ___'_ __ _ _(_)_ __  __ _ \ \ \ \
( ( )\___ | '_ | '_| | '_ \/ _` | \ \ \ \
 \\/  ___)| |_)| | | | | || (_| |  ) ) ) )
  '  |____| .__|_| |_|_| |_\__, | / / / /
 =========|_|==============|___/=/_/_/_/
 :: Spring Boot ::                (v2.4.5)

2021-05-02 18:13:21.990  INFO 11282 --- [    Test worker] i.c.c.c.CaSplittrApplicationTests        : Starting CaSplittrApplicationTests using Java 15.0.2 on Joaos-MBP with PID 11282 (started by joaopaulosilveiragomes in /Users/joaopaulosilveiragomes/Library/Mobile Documents/com~apple~CloudDocs/Documents/HD in Science Comp CCT/2nd Semester/4 Cloud Base Web Technologies/CA Docs/ca-splittr)
2021-05-02 18:13:21.993  INFO 11282 --- [    Test worker] i.c.c.c.CaSplittrApplicationTests        : No active profile set, falling back to default profiles: default
2021-05-02 18:13:22.763  INFO 11282 --- [    Test worker] o.s.s.concurrent.ThreadPoolTaskExecutor  : Initializing ExecutorService 'applicationTaskExecutor'
2021-05-02 18:13:22.980  INFO 11282 --- [    Test worker] i.c.c.c.CaSplittrApplicationTests        : Started CaSplittrApplicationTests in 1.2 seconds (JVM running for 2.204)
]]></system-out>
  <system-err><![CDATA[]]></system-err>
</testsuite>
